<?xml version="1.0" encoding="UTF-8"?>
<!-- Generated by org.testng.reporters.JUnitReportReporter -->
<testsuite skipped="0" hostname="MohammadRifatAmins-MacBook-Air.local" name="com.testNG.HomeTest" tests="2" failures="0" timestamp="2020-12-14T17:50:47 EST" time="0.008" errors="0">
  <testcase name="newText4" time="0.007" classname="com.testNG.HomeTest"/>
  <system-out/>
  <testcase name="test1" time="0.001" classname="com.testNG.HomeTest"/>
  <system-out/>
</testsuite> <!-- com.testNG.HomeTest -->
