<?xml version="1.0" encoding="UTF-8"?>
<!-- Generated by org.testng.reporters.JUnitReportReporter -->
<testsuite skipped="0" hostname="MohammadRifatAmins-MacBook-Air.local" name="com.testNG.NewPracticeTestNG" tests="1" failures="0" timestamp="2020-12-14T16:24:42 EST" time="0.035" errors="0">
  <testcase name="kaka" time="0.035" classname="com.testNG.NewPracticeTestNG"/>
  <system-out/>
</testsuite> <!-- com.testNG.NewPracticeTestNG -->
