<?xml version="1.0" encoding="UTF-8"?>
<!-- Generated by org.testng.reporters.JUnitReportReporter -->
<testsuite skipped="0" hostname="MohammaAminsAir.cable.rcn.com" name="com.xml.GroupXml" tests="3" failures="0" timestamp="2022-06-03T23:30:28 EDT" time="0.028" errors="0">
  <testcase name="pad" time="0.002" classname="com.xml.GroupXml"/>
  <system-out/>
  <testcase name="iphone" time="0.024" classname="com.xml.GroupXml"/>
  <system-out/>
  <testcase name="mac" time="0.002" classname="com.xml.GroupXml"/>
  <system-out/>
</testsuite> <!-- com.xml.GroupXml -->
