<?xml version="1.0" encoding="UTF-8"?>
<!-- Generated by org.testng.reporters.JUnitReportReporter -->
<testsuite skipped="0" hostname="MohammaAminsAir.cable.rcn.com" name="com.xml.SimpleXml" tests="4" failures="0" timestamp="2022-06-03T23:24:36 EDT" time="0.039" errors="0">
  <testcase name="mac" time="0.007" classname="com.xml.SimpleXml"/>
  <system-out/>
  <testcase name="windows" time="0.010" classname="com.xml.SimpleXml"/>
  <system-out/>
  <testcase name="samsung" time="0.004" classname="com.xml.SimpleXml"/>
  <system-out/>
  <testcase name="iphone" time="0.018" classname="com.xml.SimpleXml"/>
  <system-out/>
</testsuite> <!-- com.xml.SimpleXml -->
