<?xml version="1.0" encoding="UTF-8"?>
<!-- Generated by org.testng.reporters.JUnitReportReporter -->
<testsuite skipped="0" hostname="MohammadRifatAmins-MacBook-Air.local" name="com.testNGParameter.Parameter" tests="1" failures="0" timestamp="2020-12-16T02:21:22 EST" time="13.662" errors="0">
  <testcase name="logIn" time="13.662" classname="com.testNGParameter.Parameter"/>
  <system-out/>
</testsuite> <!-- com.testNGParameter.Parameter -->
