<?xml version="1.0" encoding="UTF-8"?>
<!-- Generated by org.testng.reporters.JUnitReportReporter -->
<testsuite skipped="0" hostname="mohammaaminsair" name="com.allHomeTest.BimanBangladesh" tests="1" failures="0" timestamp="2020-12-23T18:36:01 EST" time="19.490" errors="0">
  <testcase name="cheapoAir" time="19.490" classname="com.allHomeTest.BimanBangladesh"/>
  <system-out/>
</testsuite> <!-- com.allHomeTest.BimanBangladesh -->
